c:\freertos project\debug\vc142.pdb
c:\freertos project\debug\vc142.idb
c:\freertos project\debug\timers.obj
c:\freertos project\debug\tasks.obj
c:\freertos project\debug\supporting_functions.obj
c:\freertos project\debug\queue.obj
c:\freertos project\debug\port.obj
c:\freertos project\debug\heap_4.obj
c:\freertos project\debug\main.obj
c:\freertos project\debug\list.obj
c:\freertos project\debug\event_groups.obj
c:\freertos project\debug\freertos_project.ilk
c:\freertos project\debug\freertos_project.exe
c:\freertos project\debug\freertos_project.pdb
c:\freertos project\debug\freertos_project.tlog\cl.command.1.tlog
c:\freertos project\debug\freertos_project.tlog\cl.read.1.tlog
c:\freertos project\debug\freertos_project.tlog\cl.write.1.tlog
c:\freertos project\debug\freertos_project.tlog\link.command.1.tlog
c:\freertos project\debug\freertos_project.tlog\link.read.1.tlog
c:\freertos project\debug\freertos_project.tlog\link.write.1.tlog
