c:\rt_concepts_final_project\debug\vc142.pdb
c:\rt_concepts_final_project\debug\vc142.idb
c:\rt_concepts_final_project\debug\tasks.obj
c:\rt_concepts_final_project\debug\supporting_functions.obj
c:\rt_concepts_final_project\debug\queue.obj
c:\rt_concepts_final_project\debug\port.obj
c:\rt_concepts_final_project\debug\main.obj
c:\rt_concepts_final_project\debug\list.obj
c:\rt_concepts_final_project\debug\event_groups.obj
c:\rt_concepts_final_project\debug\timers.obj
c:\rt_concepts_final_project\debug\heap_4.obj
c:\freertos project\debug\vc142.pdb
c:\freertos project\debug\vc142.idb
c:\freertos project\debug\timers.obj
c:\freertos project\debug\tasks.obj
c:\freertos project\debug\supporting_functions.obj
c:\freertos project\debug\queue.obj
c:\freertos project\debug\port.obj
c:\freertos project\debug\heap_4.obj
c:\freertos project\debug\main.obj
c:\freertos project\debug\list.obj
c:\freertos project\debug\event_groups.obj
c:\rt_concepts_final_project\debug\rt_concepts_final_project.exe
c:\rt_concepts_final_project\debug\rt_concepts_final_project.ilk
c:\rt_concepts_final_project\debug\rt_concepts_final_project.pdb
c:\freertos project\debug\rt_concepts_final_project.ilk
c:\freertos project\debug\rt_concepts_final_project.exe
c:\freertos project\debug\rt_concepts_final_project.pdb
c:\freertos project\debug\main2.obj
c:\freertos project\debug\rt_conce.3ef5df3d.tlog\cl.command.1.tlog
c:\freertos project\debug\rt_conce.3ef5df3d.tlog\cl.read.1.tlog
c:\freertos project\debug\rt_conce.3ef5df3d.tlog\cl.write.1.tlog
c:\freertos project\debug\rt_conce.3ef5df3d.tlog\link.command.1.tlog
c:\freertos project\debug\rt_conce.3ef5df3d.tlog\link.read.1.tlog
c:\freertos project\debug\rt_conce.3ef5df3d.tlog\link.write.1.tlog
